<?xml version="1.0" encoding="UTF-8"?>
<testng-results skipped="0" failed="0" ignored="0" total="1" passed="1">
  <reporter-output>
  </reporter-output>
  <suite name="Suite" duration-ms="7136" started-at="2019-05-11T05:54:24Z" finished-at="2019-05-11T05:54:31Z">
    <groups>
    </groups>
    <test name="Test" duration-ms="7136" started-at="2019-05-11T05:54:24Z" finished-at="2019-05-11T05:54:31Z">
      <class name="com.testng.Test_01">
        <test-method status="PASS" signature="start()[pri:0, instance:com.testng.Test_01@2c6a3f77]" name="start" duration-ms="7058" started-at="2019-05-11T05:54:24Z" finished-at="2019-05-11T05:54:31Z">
          <reporter-output>
          </reporter-output>
        </test-method> <!-- start -->
      </class> <!-- com.testng.Test_01 -->
    </test> <!-- Test -->
  </suite> <!-- Suite -->
</testng-results>
