<?xml version="1.0" encoding="UTF-8"?>
<testng-results skipped="0" failed="0" ignored="0" total="1" passed="1">
  <reporter-output>
  </reporter-output>
  <suite name="Suite" duration-ms="9808" started-at="2019-05-11T03:37:59Z" finished-at="2019-05-11T03:38:09Z">
    <groups>
    </groups>
    <test name="Test" duration-ms="9808" started-at="2019-05-11T03:37:59Z" finished-at="2019-05-11T03:38:09Z">
      <class name="com.testng.Test_01">
        <test-method status="PASS" signature="start()[pri:0, instance:com.testng.Test_01@475530b9]" name="start" duration-ms="9765" started-at="2019-05-11T03:37:59Z" finished-at="2019-05-11T03:38:09Z">
          <reporter-output>
          </reporter-output>
        </test-method> <!-- start -->
      </class> <!-- com.testng.Test_01 -->
    </test> <!-- Test -->
  </suite> <!-- Suite -->
</testng-results>
